[debug] > Exec(early(addDefaultCommands), None, None)
[debug] > Exec(addDefaultCommands, None, None)
[debug] > Exec(early(initialize), None, None)
[debug] > Exec(initialize, None, None)
[debug] > Exec(early(addPluginSbtFile="""C:\Users\Aidanas\AppData\Local\Temp\idea.sbt"""), None, None)
[debug] > Exec(addPluginSbtFile="""C:\Users\Aidanas\AppData\Local\Temp\idea.sbt""", None, None)
[debug] > Exec(boot, None, None)
[debug] > Exec(writeSbtVersion, None, None)
[debug] > Exec(reload, None, None)
[debug] > Exec(sbtStashOnFailure, None, None)
[debug] > Exec(onFailure loadFailed, None, None)
[debug] > Exec(loadp, None, None)
[info] welcome to sbt 1.4.7 (Oracle Corporation Java 14.0.2)
[debug]       Load.loadUnit: plugins took 161.2582ms
[debug]       Load.loadUnit: defsScala took 0.4844ms
[debug] [Loading] Scanning directory C:\Users\Aidanas\.sbt\1.0\plugins
[debug] [Loading] Found non-root projects 
[debug] [Loading] Done in C:\Users\Aidanas\.sbt\1.0\plugins, returning: ()
[debug] deducing auto plugins based on known facts Set(Atom(sbt.plugins.CorePlugin)) and clauses Clauses(List(Clause(Atom(sbt.plugins.JvmPlugin),Set(Atom(sbt.plugins.IvyPlugin))), Clause(Atom(sbt.ScriptedPlugin),Set(Atom(sbt.plugins.JvmPlugin))), Clause(Atom(sbt.plugins.SbtPlugin),Set(Atom(sbt.ScriptedPlugin))), Clause(Atom(sbt.plugins.SemanticdbPlugin),Set(Atom(sbt.plugins.JvmPlugin))), Clause(Atom(sbt.plugins.JUnitXmlReportPlugin),Set(Atom(sbt.plugins.JvmPlugin))), Clause(Atom(sbt.plugins.MiniDependencyTreePlugin),Set(Atom(sbt.plugins.JvmPlugin))), Clause(Atom(sbt.plugins.CorePlugin),Set(Atom(sbt.plugins.IvyPlugin))), Clause(Atom(sbt.plugins.IvyPlugin),Set(Atom(sbt.plugins.JvmPlugin))), Clause(Atom(sbt.plugins.JvmPlugin),Set(Atom(sbt.plugins.SemanticdbPlugin))), Clause(Atom(sbt.plugins.JvmPlugin),Set(Atom(sbt.plugins.JUnitXmlReportPlugin))), Clause(Atom(sbt.plugins.CorePlugin),Set(Atom(sbt.plugins.Giter8TemplatePlugin))), Clause(Atom(sbt.plugins.JvmPlugin),Set(Atom(sbt.plugins.MiniDependencyTreePlugin)))))
[debug]   :: deduced result: Matched(sbt.plugins.CorePlugin,sbt.plugins.Giter8TemplatePlugin,sbt.plugins.IvyPlugin,sbt.plugins.JvmPlugin,sbt.plugins.MiniDependencyTreePlugin,sbt.plugins.JUnitXmlReportPlugin,sbt.plugins.SemanticdbPlugin)
[debug] Plugins.deducer#function took 35.0215 ms
[debug]           Load.resolveProject(global-plugins) took 75.2281ms
[debug]         Load.loadTransitive: finalizeProject(Project(id global-plugins, base: C:\Users\Aidanas\.sbt\1.0\plugins, plugins: List(<none>))) took 149.3022ms
[debug] [Loading] Done in C:\Users\Aidanas\.sbt\1.0\plugins, returning: (global-plugins)
[debug]       Load.loadUnit: loadedProjectsRaw took 191.8233ms
[debug]       Load.loadUnit: cleanEvalClasses took 0.3964ms
[debug]     Load.loadUnit(file:/C:/Users/Aidanas/.sbt/1.0/plugins/, ...) took 371.3206ms
[debug]   Load.apply: load took 708.6864ms
[debug]   Load.apply: resolveProjects took 10.4146ms
[debug]   Load.apply: finalTransforms took 106.762ms
[debug]   Load.apply: config.delegates took 13.8441ms
[debug]   Load.apply: Def.make(settings)... took 572.8207ms
[debug]   Load.apply: structureIndex took 147.9222ms
[debug]   Load.apply: mkStreams took 2.8181ms
[info] loading global plugins from C:\Users\Aidanas\.sbt\1.0\plugins
[debug] Running task... Cancel: Signal, check cycles: false, forcegc: true
[debug] Load.defaultLoad until apply took 4105.4976ms
[debug]           Load.loadUnit: plugins took 41.453ms
[debug]           Load.loadUnit: defsScala took 0.0076ms
[debug] [Loading] Scanning directory C:\Users\Aidanas\IdeaProjects\untitled2\project
[debug]             Load.loadUnit: mkEval took 10.8598ms
[debug] [Loading] Found non-root projects 
[debug] [Loading] Done in C:\Users\Aidanas\IdeaProjects\untitled2\project, returning: ()
[debug] deducing auto plugins based on known facts Set(Atom(sbt.plugins.CorePlugin)) and clauses Clauses(List(Clause(Atom(sbt.plugins.JvmPlugin),Set(Atom(sbt.plugins.IvyPlugin))), Clause(Atom(sbt.ScriptedPlugin),Set(Atom(sbt.plugins.JvmPlugin))), Clause(Atom(sbt.plugins.SbtPlugin),Set(Atom(sbt.ScriptedPlugin))), Clause(Atom(sbt.plugins.SemanticdbPlugin),Set(Atom(sbt.plugins.JvmPlugin))), Clause(Atom(sbt.plugins.JUnitXmlReportPlugin),Set(Atom(sbt.plugins.JvmPlugin))), Clause(Atom(sbt.plugins.MiniDependencyTreePlugin),Set(Atom(sbt.plugins.JvmPlugin))), Clause(Atom(sbt.plugins.CorePlugin),Set(Atom(sbt.plugins.IvyPlugin))), Clause(Atom(sbt.plugins.IvyPlugin),Set(Atom(sbt.plugins.JvmPlugin))), Clause(Atom(sbt.plugins.JvmPlugin),Set(Atom(sbt.plugins.SemanticdbPlugin))), Clause(Atom(sbt.plugins.JvmPlugin),Set(Atom(sbt.plugins.JUnitXmlReportPlugin))), Clause(Atom(sbt.plugins.CorePlugin),Set(Atom(sbt.plugins.Giter8TemplatePlugin))), Clause(Atom(sbt.plugins.JvmPlugin),Set(Atom(sbt.plugins.MiniDependencyTreePlugin)))))
[debug]   :: deduced result: Matched(sbt.plugins.CorePlugin,sbt.plugins.Giter8TemplatePlugin,sbt.plugins.IvyPlugin,sbt.plugins.JvmPlugin,sbt.plugins.MiniDependencyTreePlugin,sbt.plugins.JUnitXmlReportPlugin,sbt.plugins.SemanticdbPlugin)
[debug] Plugins.deducer#function took 4.0066 ms
[info] loading settings for project untitled2-build from idea.sbt ...
[debug]               Load.resolveProject(untitled2-build) took 5.2807ms
[debug]             Load.loadTransitive: finalizeProject(Project(id untitled2-build, base: C:\Users\Aidanas\IdeaProjects\untitled2\project, plugins: List(<none>))) took 10.5443ms
[debug] [Loading] Done in C:\Users\Aidanas\IdeaProjects\untitled2\project, returning: (untitled2-build)
[debug]           Load.loadUnit: loadedProjectsRaw took 234.7379ms
[debug]           Load.loadUnit: cleanEvalClasses took 14.7913ms
[debug]         Load.loadUnit(file:/C:/Users/Aidanas/IdeaProjects/untitled2/project/, ...) took 293.1158ms
[debug]       Load.apply: load took 296.7886ms
[debug]       Load.apply: resolveProjects took 0.2341ms
[debug]       Load.apply: finalTransforms took 18.4673ms
[debug]       Load.apply: config.delegates took 0.7908ms
[debug]       Load.apply: Def.make(settings)... took 97.0208ms
[debug]       Load.apply: structureIndex took 38.2761ms
[debug]       Load.apply: mkStreams took 0.0056ms
[info] loading project definition from C:\Users\Aidanas\IdeaProjects\untitled2\project
[debug] Running task... Cancel: Signal, check cycles: false, forcegc: true
[debug]     Load.loadUnit: plugins took 866.7694ms
[debug]     Load.loadUnit: defsScala took 0.0112ms
[debug] [Loading] Scanning directory C:\Users\Aidanas\IdeaProjects\untitled2
[debug]       Load.loadUnit: mkEval took 0.7016ms
[debug] [Loading] Found non-root projects 
[debug] [Loading] Done in C:\Users\Aidanas\IdeaProjects\untitled2, returning: ()
[debug] deducing auto plugins based on known facts Set(Atom(sbt.plugins.CorePlugin)) and clauses Clauses(List(Clause(Atom(sbt.plugins.JvmPlugin),Set(Atom(sbt.plugins.IvyPlugin))), Clause(Atom(sbt.ScriptedPlugin),Set(Atom(sbt.plugins.JvmPlugin))), Clause(Atom(sbt.plugins.SbtPlugin),Set(Atom(sbt.ScriptedPlugin))), Clause(Atom(sbt.plugins.SemanticdbPlugin),Set(Atom(sbt.plugins.JvmPlugin))), Clause(Atom(sbt.plugins.JUnitXmlReportPlugin),Set(Atom(sbt.plugins.JvmPlugin))), Clause(Atom(sbt.plugins.MiniDependencyTreePlugin),Set(Atom(sbt.plugins.JvmPlugin))), Clause(Atom(org.jetbrains.sbt.StructurePlugin),Set(Atom(sbt.plugins.JvmPlugin))), Clause(Atom(org.jetbrains.sbt.IdeaShellPlugin),Set(Atom(sbt.plugins.JvmPlugin))), Clause(Atom(org.jetbrains.sbt.indices.SbtIntellijIndicesPlugin),Set(Atom(sbt.plugins.JvmPlugin))), Clause(Atom(sbt.plugins.CorePlugin),Set(Atom(sbt.plugins.IvyPlugin))), Clause(Atom(sbt.plugins.IvyPlugin),Set(Atom(sbt.plugins.JvmPlugin))), Clause(Atom(sbt.plugins.JvmPlugin),Set(Atom(sbt.plugins.SemanticdbPlugin))), Clause(Atom(sbt.plugins.JvmPlugin),Set(Atom(sbt.plugins.JUnitXmlReportPlugin))), Clause(Atom(sbt.plugins.CorePlugin),Set(Atom(sbt.plugins.Giter8TemplatePlugin))), Clause(Atom(sbt.plugins.JvmPlugin),Set(Atom(sbt.plugins.MiniDependencyTreePlugin))), Clause(Atom(sbt.plugins.JvmPlugin),Set(Atom(org.jetbrains.sbt.StructurePlugin))), Clause(Atom(sbt.plugins.JvmPlugin),Set(Atom(org.jetbrains.sbt.IdeaShellPlugin))), Clause(And(Set(Atom(sbt.plugins.CorePlugin), Atom(sbt.plugins.JvmPlugin))),Set(Atom(org.jetbrains.sbt.indices.SbtIntellijIndicesPlugin)))))
[debug]   :: deduced result: Matched(sbt.plugins.CorePlugin,sbt.plugins.Giter8TemplatePlugin,sbt.plugins.IvyPlugin,sbt.plugins.JvmPlugin,sbt.plugins.SemanticdbPlugin,org.jetbrains.sbt.indices.SbtIntellijIndicesPlugin,sbt.plugins.JUnitXmlReportPlugin,org.jetbrains.sbt.IdeaShellPlugin,org.jetbrains.sbt.StructurePlugin,sbt.plugins.MiniDependencyTreePlugin)
[debug] Plugins.deducer#function took 4.0639 ms
[info] loading settings for project untitled2 from build.sbt ...
[debug]         Load.resolveProject(untitled2) took 52.6158ms
[debug]       Load.loadTransitive: finalizeProject(Project(id untitled2, base: C:\Users\Aidanas\IdeaProjects\untitled2, plugins: List(<none>))) took 58.8259ms
[debug] [Loading] Done in C:\Users\Aidanas\IdeaProjects\untitled2, returning: (untitled2)
[debug]     Load.loadUnit: loadedProjectsRaw took 127.5251ms
[debug]     Load.loadUnit: cleanEvalClasses took 25.0023ms
[debug]   Load.loadUnit(file:/C:/Users/Aidanas/IdeaProjects/untitled2/, ...) took 1021.036ms
[debug] Load.apply: load took 1024.7907ms
[debug] Load.apply: resolveProjects took 0.2631ms
[debug] Load.apply: finalTransforms took 42.4652ms
[debug] Load.apply: config.delegates took 0.7498ms
[debug] Load.apply: Def.make(settings)... took 91.3018ms
[debug] Load.apply: structureIndex took 37.4465ms
[debug] Load.apply: mkStreams took 0.005ms
[info] set current project to untitled2 (in build file:/C:/Users/Aidanas/IdeaProjects/untitled2/)
[debug] > Exec(sbtPopOnFailure, None, None)
[debug] > Exec(resumeFromFailure, None, None)
[debug] > Exec(notifyUsersAboutShell, None, None)
[debug] > Exec(iflast shell, None, None)
[debug] > Exec(; set ideaPort in Global := 50784 ; idea-shell, None, None)
[debug] > Exec(set ideaPort in Global := 50784, None, None)
[info] Defining Global / ideaPort
[info] The new value will be used by Compile / compile, Test / compile
[debug] Defining 
[debug] 	Global / ideaPort
[debug] 
[debug] The new value will be used by 
[debug] 	Compile / compile
[debug] 	Test / compile
[info] Reapplying settings...
[info] set current project to untitled2 (in build file:/C:/Users/Aidanas/IdeaProjects/untitled2/)
[debug] > Exec(idea-shell, None, None)
